<?xml version="1.0" encoding="UTF-8" standalone="no"?>
<!DOCTYPE report PUBLIC "-//JACOCO//DTD Report 1.1//EN" "report.dtd"[]>
<report name="Pester (09/30/2025 07:00:29)">
  <sessioninfo id="this" start="1759215628066" dump="1759215629127" />
  <package name="modules">
    <class name="modules/DiffReport" sourcefilename="DiffReport.psm1">
      <method name="Invoke-DiffReport" desc="()" line="18">
        <counter type="INSTRUCTION" missed="9" covered="9" />
        <counter type="LINE" missed="8" covered="8" />
        <counter type="METHOD" missed="0" covered="1" />
      </method>
      <method name="Invoke-ServiceCall" desc="()" line="66">
        <counter type="INSTRUCTION" missed="6" covered="6" />
        <counter type="LINE" missed="5" covered="6" />
        <counter type="METHOD" missed="0" covered="1" />
      </method>
      <method name="&lt;script&gt;" desc="()" line="90">
        <counter type="INSTRUCTION" missed="0" covered="3" />
        <counter type="LINE" missed="0" covered="3" />
        <counter type="METHOD" missed="0" covered="1" />
      </method>
      <counter type="INSTRUCTION" missed="15" covered="18" />
      <counter type="LINE" missed="13" covered="17" />
      <counter type="METHOD" missed="0" covered="3" />
      <counter type="CLASS" missed="0" covered="1" />
    </class>
    <class name="modules/Utils" sourcefilename="Utils.psm1">
      <method name="Write-Log" desc="()" line="15">
        <counter type="INSTRUCTION" missed="8" covered="4" />
        <counter type="LINE" missed="8" covered="4" />
        <counter type="METHOD" missed="1" covered="0" />
      </method>
      <method name="Format-XmlString" desc="()" line="33">
        <counter type="INSTRUCTION" missed="9" covered="0" />
        <counter type="LINE" missed="8" covered="0" />
        <counter type="METHOD" missed="1" covered="0" />
      </method>
      <method name="Convert-DiffToHtml" desc="()" line="62">
        <counter type="INSTRUCTION" missed="23" covered="0" />
        <counter type="LINE" missed="21" covered="0" />
        <counter type="METHOD" missed="1" covered="0" />
      </method>
      <method name="&lt;script&gt;" desc="()" line="165">
        <counter type="INSTRUCTION" missed="0" covered="1" />
        <counter type="LINE" missed="0" covered="1" />
        <counter type="METHOD" missed="0" covered="1" />
      </method>
      <counter type="INSTRUCTION" missed="40" covered="5" />
      <counter type="LINE" missed="37" covered="5" />
      <counter type="METHOD" missed="3" covered="1" />
      <counter type="CLASS" missed="1" covered="0" />
    </class>
    <class name="modules/XmlDiff" sourcefilename="XmlDiff.psm1">
      <method name="Compare-XmlContent" desc="()" line="21">
        <counter type="INSTRUCTION" missed="2" covered="15" />
        <counter type="LINE" missed="2" covered="15" />
        <counter type="METHOD" missed="0" covered="1" />
      </method>
      <method name="Compare-XmlNodes" desc="()" line="77">
        <counter type="INSTRUCTION" missed="8" covered="0" />
        <counter type="LINE" missed="6" covered="0" />
        <counter type="METHOD" missed="1" covered="0" />
      </method>
      <method name="Compare-XmlAttributes" desc="()" line="108">
        <counter type="INSTRUCTION" missed="34" covered="0" />
        <counter type="LINE" missed="29" covered="0" />
        <counter type="METHOD" missed="1" covered="0" />
      </method>
      <method name="Compare-XmlNodesOrdered" desc="()" line="164">
        <counter type="INSTRUCTION" missed="34" covered="0" />
        <counter type="LINE" missed="29" covered="0" />
        <counter type="METHOD" missed="1" covered="0" />
      </method>
      <method name="Compare-XmlNodesUnordered" desc="()" line="225">
        <counter type="INSTRUCTION" missed="47" covered="0" />
        <counter type="LINE" missed="31" covered="0" />
        <counter type="METHOD" missed="1" covered="0" />
      </method>
      <method name="&lt;script&gt;" desc="()" line="272">
        <counter type="INSTRUCTION" missed="0" covered="1" />
        <counter type="LINE" missed="0" covered="1" />
        <counter type="METHOD" missed="0" covered="1" />
      </method>
      <counter type="INSTRUCTION" missed="125" covered="16" />
      <counter type="LINE" missed="97" covered="16" />
      <counter type="METHOD" missed="4" covered="2" />
      <counter type="CLASS" missed="0" covered="1" />
    </class>
    <sourcefile name="DiffReport.psm1">
      <line nr="18" mi="0" ci="1" mb="0" cb="0" />
      <line nr="21" mi="0" ci="2" mb="0" cb="0" />
      <line nr="22" mi="1" ci="0" mb="0" cb="0" />
      <line nr="25" mi="0" ci="1" mb="0" cb="0" />
      <line nr="27" mi="0" ci="1" mb="0" cb="0" />
      <line nr="30" mi="1" ci="0" mb="0" cb="0" />
      <line nr="34" mi="0" ci="1" mb="0" cb="0" />
      <line nr="35" mi="0" ci="1" mb="0" cb="0" />
      <line nr="38" mi="0" ci="1" mb="0" cb="0" />
      <line nr="39" mi="0" ci="1" mb="0" cb="0" />
      <line nr="42" mi="1" ci="0" mb="0" cb="0" />
      <line nr="43" mi="1" ci="0" mb="0" cb="0" />
      <line nr="46" mi="1" ci="0" mb="0" cb="0" />
      <line nr="47" mi="2" ci="0" mb="0" cb="0" />
      <line nr="48" mi="1" ci="0" mb="0" cb="0" />
      <line nr="51" mi="1" ci="0" mb="0" cb="0" />
      <line nr="66" mi="0" ci="1" mb="0" cb="0" />
      <line nr="69" mi="0" ci="1" mb="0" cb="0" />
      <line nr="71" mi="0" ci="1" mb="0" cb="0" />
      <line nr="72" mi="1" ci="0" mb="0" cb="0" />
      <line nr="75" mi="0" ci="1" mb="0" cb="0" />
      <line nr="76" mi="1" ci="0" mb="0" cb="0" />
      <line nr="79" mi="0" ci="1" mb="0" cb="0" />
      <line nr="80" mi="0" ci="1" mb="0" cb="0" />
      <line nr="83" mi="2" ci="0" mb="0" cb="0" />
      <line nr="84" mi="1" ci="0" mb="0" cb="0" />
      <line nr="85" mi="1" ci="0" mb="0" cb="0" />
      <line nr="90" mi="0" ci="1" mb="0" cb="0" />
      <line nr="91" mi="0" ci="1" mb="0" cb="0" />
      <line nr="94" mi="0" ci="1" mb="0" cb="0" />
      <counter type="INSTRUCTION" missed="15" covered="18" />
      <counter type="LINE" missed="13" covered="17" />
      <counter type="METHOD" missed="0" covered="3" />
      <counter type="CLASS" missed="0" covered="1" />
    </sourcefile>
    <sourcefile name="Utils.psm1">
      <line nr="15" mi="1" ci="0" mb="0" cb="0" />
      <line nr="16" mi="1" ci="0" mb="0" cb="0" />
      <line nr="18" mi="1" ci="0" mb="0" cb="0" />
      <line nr="19" mi="1" ci="0" mb="0" cb="0" />
      <line nr="20" mi="1" ci="0" mb="0" cb="0" />
      <line nr="21" mi="1" ci="0" mb="0" cb="0" />
      <line nr="33" mi="1" ci="0" mb="0" cb="0" />
      <line nr="34" mi="1" ci="0" mb="0" cb="0" />
      <line nr="35" mi="2" ci="0" mb="0" cb="0" />
      <line nr="36" mi="1" ci="0" mb="0" cb="0" />
      <line nr="37" mi="1" ci="0" mb="0" cb="0" />
      <line nr="38" mi="1" ci="0" mb="0" cb="0" />
      <line nr="41" mi="1" ci="0" mb="0" cb="0" />
      <line nr="42" mi="1" ci="0" mb="0" cb="0" />
      <line nr="62" mi="1" ci="0" mb="0" cb="0" />
      <line nr="77" mi="1" ci="0" mb="0" cb="0" />
      <line nr="88" mi="1" ci="0" mb="0" cb="0" />
      <line nr="96" mi="1" ci="0" mb="0" cb="0" />
      <line nr="100" mi="1" ci="0" mb="0" cb="0" />
      <line nr="103" mi="1" ci="0" mb="0" cb="0" />
      <line nr="104" mi="1" ci="0" mb="0" cb="0" />
      <line nr="109" mi="1" ci="0" mb="0" cb="0" />
      <line nr="110" mi="1" ci="0" mb="0" cb="0" />
      <line nr="111" mi="1" ci="0" mb="0" cb="0" />
      <line nr="112" mi="1" ci="0" mb="0" cb="0" />
      <line nr="113" mi="1" ci="0" mb="0" cb="0" />
      <line nr="115" mi="1" ci="0" mb="0" cb="0" />
      <line nr="116" mi="2" ci="0" mb="0" cb="0" />
      <line nr="118" mi="1" ci="0" mb="0" cb="0" />
      <line nr="119" mi="2" ci="0" mb="0" cb="0" />
      <line nr="121" mi="1" ci="0" mb="0" cb="0" />
      <line nr="125" mi="1" ci="0" mb="0" cb="0" />
      <line nr="130" mi="1" ci="0" mb="0" cb="0" />
      <line nr="135" mi="1" ci="0" mb="0" cb="0" />
      <line nr="141" mi="1" ci="0" mb="0" cb="0" />
      <line nr="155" mi="0" ci="1" mb="0" cb="0" />
      <line nr="156" mi="0" ci="1" mb="0" cb="0" />
      <line nr="158" mi="0" ci="1" mb="0" cb="0" />
      <line nr="159" mi="0" ci="1" mb="0" cb="0" />
      <line nr="160" mi="1" ci="0" mb="0" cb="0" />
      <line nr="161" mi="1" ci="0" mb="0" cb="0" />
      <line nr="165" mi="0" ci="1" mb="0" cb="0" />
      <counter type="INSTRUCTION" missed="40" covered="5" />
      <counter type="LINE" missed="37" covered="5" />
      <counter type="METHOD" missed="3" covered="1" />
      <counter type="CLASS" missed="1" covered="0" />
    </sourcefile>
    <sourcefile name="XmlDiff.psm1">
      <line nr="21" mi="0" ci="1" mb="0" cb="0" />
      <line nr="22" mi="1" ci="0" mb="0" cb="0" />
      <line nr="27" mi="0" ci="1" mb="0" cb="0" />
      <line nr="28" mi="0" ci="1" mb="0" cb="0" />
      <line nr="31" mi="0" ci="1" mb="0" cb="0" />
      <line nr="35" mi="0" ci="1" mb="0" cb="0" />
      <line nr="38" mi="0" ci="1" mb="0" cb="0" />
      <line nr="39" mi="0" ci="1" mb="0" cb="0" />
      <line nr="40" mi="0" ci="1" mb="0" cb="0" />
      <line nr="41" mi="0" ci="1" mb="0" cb="0" />
      <line nr="42" mi="0" ci="1" mb="0" cb="0" />
      <line nr="46" mi="0" ci="1" mb="0" cb="0" />
      <line nr="47" mi="0" ci="1" mb="0" cb="0" />
      <line nr="48" mi="0" ci="1" mb="0" cb="0" />
      <line nr="49" mi="0" ci="1" mb="0" cb="0" />
      <line nr="52" mi="0" ci="1" mb="0" cb="0" />
      <line nr="54" mi="1" ci="0" mb="0" cb="0" />
      <line nr="77" mi="1" ci="0" mb="0" cb="0" />
      <line nr="80" mi="2" ci="0" mb="0" cb="0" />
      <line nr="81" mi="2" ci="0" mb="0" cb="0" />
      <line nr="83" mi="1" ci="0" mb="0" cb="0" />
      <line nr="84" mi="1" ci="0" mb="0" cb="0" />
      <line nr="87" mi="1" ci="0" mb="0" cb="0" />
      <line nr="108" mi="2" ci="0" mb="0" cb="0" />
      <line nr="109" mi="2" ci="0" mb="0" cb="0" />
      <line nr="112" mi="1" ci="0" mb="0" cb="0" />
      <line nr="113" mi="1" ci="0" mb="0" cb="0" />
      <line nr="114" mi="1" ci="0" mb="0" cb="0" />
      <line nr="115" mi="1" ci="0" mb="0" cb="0" />
      <line nr="116" mi="1" ci="0" mb="0" cb="0" />
      <line nr="117" mi="2" ci="0" mb="0" cb="0" />
      <line nr="118" mi="1" ci="0" mb="0" cb="0" />
      <line nr="119" mi="1" ci="0" mb="0" cb="0" />
      <line nr="120" mi="1" ci="0" mb="0" cb="0" />
      <line nr="121" mi="1" ci="0" mb="0" cb="0" />
      <line nr="123" mi="1" ci="0" mb="0" cb="0" />
      <line nr="124" mi="1" ci="0" mb="0" cb="0" />
      <line nr="125" mi="1" ci="0" mb="0" cb="0" />
      <line nr="126" mi="2" ci="0" mb="0" cb="0" />
      <line nr="127" mi="1" ci="0" mb="0" cb="0" />
      <line nr="128" mi="1" ci="0" mb="0" cb="0" />
      <line nr="129" mi="1" ci="0" mb="0" cb="0" />
      <line nr="130" mi="1" ci="0" mb="0" cb="0" />
      <line nr="135" mi="1" ci="0" mb="0" cb="0" />
      <line nr="136" mi="1" ci="0" mb="0" cb="0" />
      <line nr="137" mi="1" ci="0" mb="0" cb="0" />
      <line nr="138" mi="1" ci="0" mb="0" cb="0" />
      <line nr="139" mi="2" ci="0" mb="0" cb="0" />
      <line nr="140" mi="1" ci="0" mb="0" cb="0" />
      <line nr="141" mi="1" ci="0" mb="0" cb="0" />
      <line nr="142" mi="1" ci="0" mb="0" cb="0" />
      <line nr="143" mi="1" ci="0" mb="0" cb="0" />
      <line nr="164" mi="1" ci="0" mb="0" cb="0" />
      <line nr="166" mi="3" ci="0" mb="0" cb="0" />
      <line nr="167" mi="1" ci="0" mb="0" cb="0" />
      <line nr="169" mi="1" ci="0" mb="0" cb="0" />
      <line nr="170" mi="1" ci="0" mb="0" cb="0" />
      <line nr="171" mi="2" ci="0" mb="0" cb="0" />
      <line nr="172" mi="1" ci="0" mb="0" cb="0" />
      <line nr="173" mi="1" ci="0" mb="0" cb="0" />
      <line nr="174" mi="1" ci="0" mb="0" cb="0" />
      <line nr="175" mi="1" ci="0" mb="0" cb="0" />
      <line nr="177" mi="1" ci="0" mb="0" cb="0" />
      <line nr="179" mi="1" ci="0" mb="0" cb="0" />
      <line nr="180" mi="1" ci="0" mb="0" cb="0" />
      <line nr="181" mi="2" ci="0" mb="0" cb="0" />
      <line nr="182" mi="1" ci="0" mb="0" cb="0" />
      <line nr="183" mi="1" ci="0" mb="0" cb="0" />
      <line nr="184" mi="1" ci="0" mb="0" cb="0" />
      <line nr="185" mi="1" ci="0" mb="0" cb="0" />
      <line nr="188" mi="2" ci="0" mb="0" cb="0" />
      <line nr="190" mi="1" ci="0" mb="0" cb="0" />
      <line nr="191" mi="1" ci="0" mb="0" cb="0" />
      <line nr="192" mi="1" ci="0" mb="0" cb="0" />
      <line nr="193" mi="1" ci="0" mb="0" cb="0" />
      <line nr="194" mi="1" ci="0" mb="0" cb="0" />
      <line nr="195" mi="1" ci="0" mb="0" cb="0" />
      <line nr="196" mi="1" ci="0" mb="0" cb="0" />
      <line nr="197" mi="1" ci="0" mb="0" cb="0" />
      <line nr="198" mi="1" ci="0" mb="0" cb="0" />
      <line nr="202" mi="1" ci="0" mb="0" cb="0" />
      <line nr="225" mi="1" ci="0" mb="0" cb="0" />
      <line nr="226" mi="1" ci="0" mb="0" cb="0" />
      <line nr="227" mi="1" ci="0" mb="0" cb="0" />
      <line nr="228" mi="7" ci="0" mb="0" cb="0" />
      <line nr="229" mi="1" ci="0" mb="0" cb="0" />
      <line nr="230" mi="1" ci="0" mb="0" cb="0" />
      <line nr="232" mi="2" ci="0" mb="0" cb="0" />
      <line nr="236" mi="1" ci="0" mb="0" cb="0" />
      <line nr="237" mi="1" ci="0" mb="0" cb="0" />
      <line nr="238" mi="7" ci="0" mb="0" cb="0" />
      <line nr="240" mi="1" ci="0" mb="0" cb="0" />
      <line nr="241" mi="1" ci="0" mb="0" cb="0" />
      <line nr="242" mi="1" ci="0" mb="0" cb="0" />
      <line nr="243" mi="2" ci="0" mb="0" cb="0" />
      <line nr="244" mi="1" ci="0" mb="0" cb="0" />
      <line nr="247" mi="1" ci="0" mb="0" cb="0" />
      <line nr="248" mi="1" ci="0" mb="0" cb="0" />
      <line nr="249" mi="2" ci="0" mb="0" cb="0" />
      <line nr="250" mi="1" ci="0" mb="0" cb="0" />
      <line nr="251" mi="1" ci="0" mb="0" cb="0" />
      <line nr="252" mi="1" ci="0" mb="0" cb="0" />
      <line nr="253" mi="1" ci="0" mb="0" cb="0" />
      <line nr="259" mi="1" ci="0" mb="0" cb="0" />
      <line nr="260" mi="1" ci="0" mb="0" cb="0" />
      <line nr="261" mi="1" ci="0" mb="0" cb="0" />
      <line nr="262" mi="1" ci="0" mb="0" cb="0" />
      <line nr="263" mi="2" ci="0" mb="0" cb="0" />
      <line nr="264" mi="1" ci="0" mb="0" cb="0" />
      <line nr="265" mi="1" ci="0" mb="0" cb="0" />
      <line nr="266" mi="1" ci="0" mb="0" cb="0" />
      <line nr="267" mi="1" ci="0" mb="0" cb="0" />
      <line nr="272" mi="0" ci="1" mb="0" cb="0" />
      <counter type="INSTRUCTION" missed="125" covered="16" />
      <counter type="LINE" missed="97" covered="16" />
      <counter type="METHOD" missed="4" covered="2" />
      <counter type="CLASS" missed="0" covered="1" />
    </sourcefile>
    <counter type="INSTRUCTION" missed="180" covered="39" />
    <counter type="LINE" missed="147" covered="38" />
    <counter type="METHOD" missed="7" covered="6" />
    <counter type="CLASS" missed="1" covered="2" />
  </package>
  <counter type="INSTRUCTION" missed="180" covered="39" />
  <counter type="LINE" missed="147" covered="38" />
  <counter type="METHOD" missed="7" covered="6" />
  <counter type="CLASS" missed="1" covered="2" />
</report>
